#
# There is insufficient memory for the Java Runtime Environment to continue.
# Native memory allocation (malloc) failed to allocate 1025136 bytes for Chunk::new
# Possible reasons:
#   The system is out of physical RAM or swap space
#   In 32 bit mode, the process size limit was hit
# Possible solutions:
#   Reduce memory load on the system
#   Increase physical memory or swap space
#   Check if swap backing store is full
#   Use 64 bit Java on a 64 bit OS
#   Decrease Java heap size (-Xmx/-Xms)
#   Decrease number of Java threads
#   Decrease Java thread stack sizes (-Xss)
#   Set larger code cache with -XX:ReservedCodeCacheSize=
# This output file may be truncated or incomplete.
#
#  Out of Memory Error (allocation.cpp:390), pid=5268, tid=0x0000000000000a00
#
# JRE version: OpenJDK Runtime Environment (8.0_152-b01) (build 1.8.0_152-release-1248-b01)
# Java VM: OpenJDK 64-Bit Server VM (25.152-b01 mixed mode windows-amd64 compressed oops)
# Failed to write core dump. Minidumps are not enabled by default on client versions of Windows
#

---------------  T H R E A D  ---------------

Current thread (0x0000000016c6f800):  JavaThread "C2 CompilerThread1" daemon [_thread_in_native, id=2560, stack(0x00000000183d0000,0x00000000184d0000)]

Stack: [0x00000000183d0000,0x00000000184d0000]
[error occurred during error reporting (printing stack bounds), id 0xc0000005]

Native frames: (J=compiled Java code, j=interpreted, Vv=VM code, C=native code)


Current CompileTask:
C2:1338870 17133       4       com.sun.tools.javac.comp.Attr::selectSym (600 bytes)


---------------  P R O C E S S  ---------------

Java Threads: ( => current thread )
  0x0000000018ff8000 JavaThread "RMI RenewClean-[127.0.0.1:49942,org.jetbrains.kotlin.daemon.common.LoopbackNetworkInterface$ClientLoopbackSocketFactory@7516a377]" daemon [_thread_blocked, id=8112, stack(0x0000000025060000,0x0000000025160000)]
  0x0000000018ff7800 JavaThread "RMI TCP Connection(20)-127.0.0.1" daemon [_thread_in_native, id=600, stack(0x0000000024f60000,0x0000000025060000)]
  0x0000000018ff3000 JavaThread "RMI RenewClean-[127.0.0.1:49942,org.jetbrains.kotlin.daemon.common.LoopbackNetworkInterface$ClientLoopbackSocketFactory@301b95b4]" daemon [_thread_blocked, id=7632, stack(0x0000000024e60000,0x0000000024f60000)]
  0x000000001b11a800 JavaThread "RMI TCP Connection(19)-127.0.0.1" daemon [_thread_in_native, id=5808, stack(0x0000000024d60000,0x0000000024e60000)]
  0x000000001b118800 JavaThread "RMI TCP Connection(18)-127.0.0.1" daemon [_thread_in_native, id=1724, stack(0x0000000024c60000,0x0000000024d60000)]
  0x000000001b116000 JavaThread "RMI RenewClean-[127.0.0.1:49942,org.jetbrains.kotlin.daemon.common.LoopbackNetworkInterface$ClientLoopbackSocketFactory@dfb8de1]" daemon [_thread_blocked, id=1148, stack(0x0000000023610000,0x0000000023710000)]
  0x000000001b11b800 JavaThread "RMI RenewClean-[127.0.0.1:49942,org.jetbrains.kotlin.daemon.common.LoopbackNetworkInterface$ClientLoopbackSocketFactory@402b9341]" daemon [_thread_blocked, id=7548, stack(0x00000000226a0000,0x00000000227a0000)]
  0x000000001b4ae800 JavaThread "RMI RenewClean-[127.0.0.1:49942,org.jetbrains.kotlin.daemon.common.LoopbackNetworkInterface$ClientLoopbackSocketFactory@29ffe505]" daemon [_thread_blocked, id=7388, stack(0x0000000020ec0000,0x0000000020fc0000)]
  0x0000000018e35000 JavaThread "RMI RenewClean-[127.0.0.1:49942,org.jetbrains.kotlin.daemon.common.LoopbackNetworkInterface$ClientLoopbackSocketFactory@30097b9f]" daemon [_thread_blocked, id=2208, stack(0x000000001a260000,0x000000001a360000)]
  0x0000000018e14000 JavaThread "RMI Scheduler(0)" daemon [_thread_blocked, id=2400, stack(0x000000001a060000,0x000000001a160000)]
  0x0000000003202800 JavaThread "DestroyJavaVM" [_thread_blocked, id=4672, stack(0x00000000030e0000,0x00000000031e0000)]
  0x0000000018d83000 JavaThread "GC Daemon" daemon [_thread_blocked, id=2036, stack(0x0000000019b10000,0x0000000019c10000)]
  0x0000000018d82800 JavaThread "RMI Reaper" [_thread_blocked, id=1384, stack(0x0000000019a10000,0x0000000019b10000)]
  0x0000000018d3c800 JavaThread "Timer-0" daemon [_thread_blocked, id=4604, stack(0x0000000019810000,0x0000000019910000)]
  0x0000000018d3c000 JavaThread "RMI TCP Accept-17980" daemon [_thread_in_native, id=3436, stack(0x0000000019710000,0x0000000019810000)]
  0x0000000016ccd800 JavaThread "Service Thread" daemon [_thread_blocked, id=2328, stack(0x00000000189d0000,0x0000000018ad0000)]
  0x0000000016c7d000 JavaThread "C1 CompilerThread2" daemon [_thread_blocked, id=5200, stack(0x00000000184d0000,0x00000000185d0000)]
=>0x0000000016c6f800 JavaThread "C2 CompilerThread1" daemon [_thread_in_native, id=2560, stack(0x00000000183d0000,0x00000000184d0000)]
  0x0000000016c6c800 JavaThread "C2 CompilerThread0" daemon [_thread_in_native, id=5736, stack(0x00000000182d0000,0x00000000183d0000)]
  0x0000000016c6a000 JavaThread "Attach Listener" daemon [_thread_blocked, id=2824, stack(0x00000000181d0000,0x00000000182d0000)]
  0x0000000016c79000 JavaThread "Signal Dispatcher" daemon [_thread_blocked, id=3904, stack(0x00000000180d0000,0x00000000181d0000)]
  0x0000000016c59800 JavaThread "Finalizer" daemon [_thread_blocked, id=5904, stack(0x0000000017ed0000,0x0000000017fd0000)]
  0x00000000032f1800 JavaThread "Reference Handler" daemon [_thread_blocked, id=2264, stack(0x0000000017dd0000,0x0000000017ed0000)]

Other Threads:
  0x0000000016c37000 VMThread [stack: 0x0000000017cd0000,0x0000000017dd0000] [id=4736]
  0x0000000018603800 WatcherThread [stack: 0x0000000018ad0000,0x0000000018bd0000] [id=3948]

VM state:not at safepoint (normal execution)

VM Mutex/Monitor currently owned by a thread: None

Heap:
 PSYoungGen      total 452608K, used 80611K [0x00000000e0000000, 0x0000000100000000, 0x0000000100000000)
  eden space 407552K, 8% used [0x00000000e0000000,0x00000000e22b9ac8,0x00000000f8e00000)
  from space 45056K, 99% used [0x00000000fd400000,0x00000000fffff2a0,0x0000000100000000)
  to   space 58368K, 0% used [0x00000000f8e00000,0x00000000f8e00000,0x00000000fc700000)
 ParOldGen       total 133120K, used 80264K [0x00000000a0000000, 0x00000000a8200000, 0x00000000e0000000)
  object space 133120K, 60% used [0x00000000a0000000,0x00000000a4e62160,0x00000000a8200000)
 Metaspace       used 93570K, capacity 96799K, committed 96944K, reserved 1134592K
  class space    used 11421K, capacity 12116K, committed 12208K, reserved 1048576K

Card table byte_map: [0x00000000126c0000,0x00000000129d0000] byte_map_base: 0x00000000121c0000

Marking Bits: (ParMarkBitMap*) 0x000000006f8b5aa0
 Begin Bits: [0x0000000012fd0000, 0x00000000147d0000)
 End Bits:   [0x00000000147d0000, 0x0000000015fd0000)

Polling page: 0x0000000001870000

CodeCache: size=245760Kb used=47372Kb max_used=47393Kb free=198387Kb
 bounds [0x0000000003300000, 0x0000000006190000, 0x0000000012300000]
 total_blobs=14573 nmethods=13987 adapters=496
 compilation: enabled

Compilation events (10 events):
Event: 1338.834 Thread 0x0000000016c7d000 nmethod 17170 0x0000000004716190 code [0x0000000004716320, 0x00000000047166e8]
Event: 1338.836 Thread 0x0000000016c7d000 17171       2       com.sun.tools.javac.comp.Check::checkRefTypes (57 bytes)
Event: 1338.837 Thread 0x0000000016c7d000 nmethod 17171 0x00000000047157d0 code [0x0000000004715980, 0x0000000004715df8]
Event: 1338.838 Thread 0x0000000016c7d000 17172       2       com.sun.tools.javac.code.Type$TypeVar::<init> (36 bytes)
Event: 1338.839 Thread 0x0000000016c7d000 nmethod 17172 0x0000000003a322d0 code [0x0000000003a32440, 0x0000000003a326c8]
Event: 1338.850 Thread 0x0000000016c6c800 nmethod 17140 0x0000000006179e90 code [0x000000000617a260, 0x000000000617d598]
Event: 1338.851 Thread 0x0000000016c6c800 17151       4       com.sun.tools.javac.jvm.ClassReader$AnnotationDeproxy::deproxyCompound (106 bytes)
Event: 1338.866 Thread 0x0000000016c7d000 17174       2       org.jetbrains.kotlin.com.google.common.collect.AbstractSetMultimap::entries (8 bytes)
Event: 1338.867 Thread 0x0000000016c7d000 nmethod 17174 0x00000000044f1250 code [0x00000000044f13c0, 0x00000000044f16f0]
Event: 1338.869 Thread 0x0000000016c7d000 17175       2       org.jetbrains.kotlin.com.google.common.collect.AbstractMapBasedMultimap::entries (5 bytes)

GC Heap History (10 events):
Event: 19.238 GC heap before
{Heap before GC invocations=15 (full 3):
 PSYoungGen      total 225792K, used 180736K [0x00000000e0000000, 0x00000000f5600000, 0x0000000100000000)
  eden space 180736K, 100% used [0x00000000e0000000,0x00000000eb080000,0x00000000eb080000)
  from space 45056K, 0% used [0x00000000eb080000,0x00000000eb080000,0x00000000edc80000)
  to   space 43008K, 0% used [0x00000000f2c00000,0x00000000f2c00000,0x00000000f5600000)
 ParOldGen       total 133120K, used 41844K [0x00000000a0000000, 0x00000000a8200000, 0x00000000e0000000)
  object space 133120K, 31% used [0x00000000a0000000,0x00000000a28dd040,0x00000000a8200000)
 Metaspace       used 63199K, capacity 64485K, committed 64944K, reserved 1105920K
  class space    used 7727K, capacity 8037K, committed 8112K, reserved 1048576K
Event: 19.288 GC heap after
Heap after GC invocations=15 (full 3):
 PSYoungGen      total 299520K, used 39072K [0x00000000e0000000, 0x00000000f5780000, 0x0000000100000000)
  eden space 256512K, 0% used [0x00000000e0000000,0x00000000e0000000,0x00000000efa80000)
  from space 43008K, 90% used [0x00000000f2c00000,0x00000000f5228320,0x00000000f5600000)
  to   space 47616K, 0% used [0x00000000efa80000,0x00000000efa80000,0x00000000f2900000)
 ParOldGen       total 133120K, used 41852K [0x00000000a0000000, 0x00000000a8200000, 0x00000000e0000000)
  object space 133120K, 31% used [0x00000000a0000000,0x00000000a28df040,0x00000000a8200000)
 Metaspace       used 63199K, capacity 64485K, committed 64944K, reserved 1105920K
  class space    used 7727K, capacity 8037K, committed 8112K, reserved 1048576K
}
Event: 22.893 GC heap before
{Heap before GC invocations=16 (full 3):
 PSYoungGen      total 299520K, used 295584K [0x00000000e0000000, 0x00000000f5780000, 0x0000000100000000)
  eden space 256512K, 100% used [0x00000000e0000000,0x00000000efa80000,0x00000000efa80000)
  from space 43008K, 90% used [0x00000000f2c00000,0x00000000f5228320,0x00000000f5600000)
  to   space 47616K, 0% used [0x00000000efa80000,0x00000000efa80000,0x00000000f2900000)
 ParOldGen       total 133120K, used 41852K [0x00000000a0000000, 0x00000000a8200000, 0x00000000e0000000)
  object space 133120K, 31% used [0x00000000a0000000,0x00000000a28df040,0x00000000a8200000)
 Metaspace       used 72312K, capacity 74201K, committed 74544K, reserved 1114112K
  class space    used 8943K, capacity 9397K, committed 9520K, reserved 1048576K
Event: 22.937 GC heap after
Heap after GC invocations=16 (full 3):
 PSYoungGen      total 304128K, used 21961K [0x00000000e0000000, 0x00000000fb580000, 0x0000000100000000)
  eden space 256512K, 0% used [0x00000000e0000000,0x00000000e0000000,0x00000000efa80000)
  from space 47616K, 46% used [0x00000000efa80000,0x00000000f0ff27a8,0x00000000f2900000)
  to   space 45568K, 0% used [0x00000000f8900000,0x00000000f8900000,0x00000000fb580000)
 ParOldGen       total 133120K, used 51378K [0x00000000a0000000, 0x00000000a8200000, 0x00000000e0000000)
  object space 133120K, 38% used [0x00000000a0000000,0x00000000a322ca98,0x00000000a8200000)
 Metaspace       used 72312K, capacity 74201K, committed 74544K, reserved 1114112K
  class space    used 8943K, capacity 9397K, committed 9520K, reserved 1048576K
}
Event: 92.985 GC heap before
{Heap before GC invocations=17 (full 3):
 PSYoungGen      total 304128K, used 278473K [0x00000000e0000000, 0x00000000fb580000, 0x0000000100000000)
  eden space 256512K, 100% used [0x00000000e0000000,0x00000000efa80000,0x00000000efa80000)
  from space 47616K, 46% used [0x00000000efa80000,0x00000000f0ff27a8,0x00000000f2900000)
  to   space 45568K, 0% used [0x00000000f8900000,0x00000000f8900000,0x00000000fb580000)
 ParOldGen       total 133120K, used 51378K [0x00000000a0000000, 0x00000000a8200000, 0x00000000e0000000)
  object space 133120K, 38% used [0x00000000a0000000,0x00000000a322ca98,0x00000000a8200000)
 Metaspace       used 78150K, capacity 80123K, committed 80432K, reserved 1120256K
  class space    used 9539K, capacity 9982K, committed 10032K, reserved 1048576K
Event: 93.005 GC heap after
Heap after GC invocations=17 (full 3):
 PSYoungGen      total 379904K, used 13023K [0x00000000e0000000, 0x00000000fa980000, 0x0000000100000000)
  eden space 346624K, 0% used [0x00000000e0000000,0x00000000e0000000,0x00000000f5280000)
  from space 33280K, 39% used [0x00000000f8900000,0x00000000f95b7e10,0x00000000fa980000)
  to   space 44544K, 0% used [0x00000000f5280000,0x00000000f5280000,0x00000000f7e00000)
 ParOldGen       total 133120K, used 59412K [0x00000000a0000000, 0x00000000a8200000, 0x00000000e0000000)
  object space 133120K, 44% used [0x00000000a0000000,0x00000000a3a052e0,0x00000000a8200000)
 Metaspace       used 78150K, capacity 80123K, committed 80432K, reserved 1120256K
  class space    used 9539K, capacity 9982K, committed 10032K, reserved 1048576K
}
Event: 1334.405 GC heap before
{Heap before GC invocations=18 (full 3):
 PSYoungGen      total 379904K, used 359647K [0x00000000e0000000, 0x00000000fa980000, 0x0000000100000000)
  eden space 346624K, 100% used [0x00000000e0000000,0x00000000f5280000,0x00000000f5280000)
  from space 33280K, 39% used [0x00000000f8900000,0x00000000f95b7e10,0x00000000fa980000)
  to   space 44544K, 0% used [0x00000000f5280000,0x00000000f5280000,0x00000000f7e00000)
 ParOldGen       total 133120K, used 59412K [0x00000000a0000000, 0x00000000a8200000, 0x00000000e0000000)
  object space 133120K, 44% used [0x00000000a0000000,0x00000000a3a052e0,0x00000000a8200000)
 Metaspace       used 81549K, capacity 84221K, committed 84528K, reserved 1124352K
  class space    used 9888K, capacity 10465K, committed 10544K, reserved 1048576K
Event: 1334.434 GC heap after
Heap after GC invocations=18 (full 3):
 PSYoungGen      total 391168K, used 28674K [0x00000000e0000000, 0x0000000100000000, 0x0000000100000000)
  eden space 346624K, 0% used [0x00000000e0000000,0x00000000e0000000,0x00000000f5280000)
  from space 44544K, 64% used [0x00000000f5280000,0x00000000f6e809c0,0x00000000f7e00000)
  to   space 45056K, 0% used [0x00000000fd400000,0x00000000fd400000,0x0000000100000000)
 ParOldGen       total 133120K, used 62182K [0x00000000a0000000, 0x00000000a8200000, 0x00000000e0000000)
  object space 133120K, 46% used [0x00000000a0000000,0x00000000a3cb9860,0x00000000a8200000)
 Metaspace       used 81549K, capacity 84221K, committed 84528K, reserved 1124352K
  class space    used 9888K, capacity 10465K, committed 10544K, reserved 1048576K
}
Event: 1338.694 GC heap before
{Heap before GC invocations=19 (full 3):
 PSYoungGen      total 391168K, used 375298K [0x00000000e0000000, 0x0000000100000000, 0x0000000100000000)
  eden space 346624K, 100% used [0x00000000e0000000,0x00000000f5280000,0x00000000f5280000)
  from space 44544K, 64% used [0x00000000f5280000,0x00000000f6e809c0,0x00000000f7e00000)
  to   space 45056K, 0% used [0x00000000fd400000,0x00000000fd400000,0x0000000100000000)
 ParOldGen       total 133120K, used 62182K [0x00000000a0000000, 0x00000000a8200000, 0x00000000e0000000)
  object space 133120K, 46% used [0x00000000a0000000,0x00000000a3cb9860,0x00000000a8200000)
 Metaspace       used 93558K, capacity 96799K, committed 96944K, reserved 1134592K
  class space    used 11421K, capacity 12116K, committed 12208K, reserved 1048576K
Event: 1338.756 GC heap after
Heap after GC invocations=19 (full 3):
 PSYoungGen      total 452608K, used 45052K [0x00000000e0000000, 0x0000000100000000, 0x0000000100000000)
  eden space 407552K, 0% used [0x00000000e0000000,0x00000000e0000000,0x00000000f8e00000)
  from space 45056K, 99% used [0x00000000fd400000,0x00000000fffff2a0,0x0000000100000000)
  to   space 58368K, 0% used [0x00000000f8e00000,0x00000000f8e00000,0x00000000fc700000)
 ParOldGen       total 133120K, used 80264K [0x00000000a0000000, 0x00000000a8200000, 0x00000000e0000000)
  object space 133120K, 60% used [0x00000000a0000000,0x00000000a4e62160,0x00000000a8200000)
 Metaspace       used 93558K, capacity 96799K, committed 96944K, reserved 1134592K
  class space    used 11421K, capacity 12116K, committed 12208K, reserved 1048576K
}

Deoptimization events (10 events):
Event: 1338.328 Thread 0x0000000018ff7800 Uncommon trap: reason=class_check action=maybe_recompile pc=0x0000000005fa30d0 method=com.google.common.collect.Cut$BelowValue.<init>(Ljava/lang/Comparable;)V @ 5
Event: 1338.343 Thread 0x0000000018ff7800 Uncommon trap: reason=speculate_class_check action=maybe_recompile pc=0x000000000602688c method=com.google.common.collect.Range.<init>(Lcom/google/common/collect/Cut;Lcom/google/common/collect/Cut;)V @ 28
Event: 1338.343 Thread 0x0000000018ff7800 Uncommon trap: reason=class_check action=maybe_recompile pc=0x0000000005fa30d0 method=com.google.common.collect.Cut$BelowValue.<init>(Ljava/lang/Comparable;)V @ 5
Event: 1338.471 Thread 0x0000000018ff7800 Uncommon trap: reason=class_check action=maybe_recompile pc=0x0000000004186b54 method=com.sun.tools.javac.util.ListBuffer.next()Ljava/lang/Object; @ 12
Event: 1338.474 Thread 0x0000000018ff7800 Uncommon trap: reason=class_check action=maybe_recompile pc=0x0000000005e29488 method=com.sun.tools.javac.parser.Scanner.token(I)Lcom/sun/tools/javac/parser/Tokens$Token; @ 26
Event: 1338.475 Thread 0x0000000018ff7800 Uncommon trap: reason=class_check action=maybe_recompile pc=0x0000000005e29488 method=com.sun.tools.javac.parser.Scanner.token(I)Lcom/sun/tools/javac/parser/Tokens$Token; @ 26
Event: 1338.475 Thread 0x0000000018ff7800 Uncommon trap: reason=class_check action=maybe_recompile pc=0x0000000005e29488 method=com.sun.tools.javac.parser.Scanner.token(I)Lcom/sun/tools/javac/parser/Tokens$Token; @ 26
Event: 1338.588 Thread 0x0000000018ff7800 Uncommon trap: reason=class_check action=maybe_recompile pc=0x000000000519b730 method=com.sun.tools.javac.comp.Attr$TypeAnnotationsValidator.validateAnnotatedType(Lcom/sun/tools/javac/tree/JCTree;Lcom/sun/tools/javac/code/Type;)V @ 99
Event: 1338.588 Thread 0x0000000018ff7800 Uncommon trap: reason=speculate_class_check action=maybe_recompile pc=0x000000000519b6c8 method=com.sun.tools.javac.tree.JCTree.hasTag(Lcom/sun/tools/javac/tree/JCTree$Tag;)Z @ 2
Event: 1338.588 Thread 0x0000000018ff7800 Uncommon trap: reason=class_check action=maybe_recompile pc=0x000000000519b730 method=com.sun.tools.javac.comp.Attr$TypeAnnotationsValidator.validateAnnotatedType(Lcom/sun/tools/javac/tree/JCTree;Lcom/sun/tools/javac/code/Type;)V @ 99

Classes redefined (0 events):
No events

Internal exceptions (10 events):
Event: 1335.981 Thread 0x000000001b11a800 Exception <a 'sun/nio/fs/WindowsException'> (0x00000000e5153fa8) thrown at [D:\src\AOSP-openjdk-cygwin\jdk8u\hotspot\src\share\vm\prims\jni.cpp, line 709]
Event: 1335.983 Thread 0x000000001b11a800 Exception <a 'sun/nio/fs/WindowsException'> (0x00000000e5157ca8) thrown at [D:\src\AOSP-openjdk-cygwin\jdk8u\hotspot\src\share\vm\prims\jni.cpp, line 709]
Event: 1335.983 Thread 0x000000001b11a800 Exception <a 'java/io/FileNotFoundException'> (0x00000000e5159250) thrown at [D:\src\AOSP-openjdk-cygwin\jdk8u\hotspot\src\share\vm\prims\jni.cpp, line 709]
Event: 1335.983 Thread 0x000000001b11a800 Exception <a 'java/io/FileNotFoundException'> (0x00000000e515a608) thrown at [D:\src\AOSP-openjdk-cygwin\jdk8u\hotspot\src\share\vm\prims\jni.cpp, line 709]
Event: 1335.984 Thread 0x000000001b11a800 Exception <a 'java/io/FileNotFoundException'> (0x00000000e515ea30) thrown at [D:\src\AOSP-openjdk-cygwin\jdk8u\hotspot\src\share\vm\prims\jni.cpp, line 709]
Event: 1335.984 Thread 0x000000001b11a800 Exception <a 'sun/nio/fs/WindowsException'> (0x00000000e515fc60) thrown at [D:\src\AOSP-openjdk-cygwin\jdk8u\hotspot\src\share\vm\prims\jni.cpp, line 709]
Event: 1335.985 Thread 0x000000001b11a800 Exception <a 'sun/nio/fs/WindowsException'> (0x00000000e5163988) thrown at [D:\src\AOSP-openjdk-cygwin\jdk8u\hotspot\src\share\vm\prims\jni.cpp, line 709]
Event: 1335.985 Thread 0x000000001b11a800 Exception <a 'java/io/FileNotFoundException'> (0x00000000e5164f48) thrown at [D:\src\AOSP-openjdk-cygwin\jdk8u\hotspot\src\share\vm\prims\jni.cpp, line 709]
Event: 1335.985 Thread 0x000000001b11a800 Exception <a 'java/io/FileNotFoundException'> (0x00000000e5166338) thrown at [D:\src\AOSP-openjdk-cygwin\jdk8u\hotspot\src\share\vm\prims\jni.cpp, line 709]
Event: 1336.894 Thread 0x0000000018ff7800 Implicit null exception at 0x000000000519fc70 to 0x00000000051a2e2d

Events (10 events):
Event: 1338.761 Executing VM operation: BulkRevokeBias done
Event: 1338.768 Thread 0x0000000016c7d000 flushing nmethod 0x0000000003565850
Event: 1338.769 Thread 0x0000000016c7d000 flushing nmethod 0x00000000036b6710
Event: 1338.773 Thread 0x0000000016c7d000 flushing nmethod 0x0000000003a1c810
Event: 1338.773 Thread 0x0000000016c7d000 flushing nmethod 0x0000000003a322d0
Event: 1338.831 Thread 0x0000000016c7d000 flushing nmethod 0x00000000044f1250
Event: 1338.832 Thread 0x0000000016c7d000 flushing nmethod 0x000000000464fc90
Event: 1338.832 Thread 0x0000000016c7d000 flushing nmethod 0x00000000047157d0
Event: 1338.866 Executing VM operation: RevokeBias
Event: 1338.866 Executing VM operation: RevokeBias done


Dynamic libraries:
0x00007ff7e7680000 - 0x00007ff7e76b1000 	C:\Program Files\Android\Android Studio\jre\jre\bin\java.exe
0x00007ffc2f7e0000 - 0x00007ffc2f9cd000 	C:\Windows\SYSTEM32\ntdll.dll
0x00007ffc2eb70000 - 0x00007ffc2ec23000 	C:\Windows\System32\KERNEL32.DLL
0x00007ffc2b8e0000 - 0x00007ffc2bb73000 	C:\Windows\System32\KERNELBASE.dll
0x00007ffc2f080000 - 0x00007ffc2f123000 	C:\Windows\System32\ADVAPI32.dll
0x00007ffc2df30000 - 0x00007ffc2dfce000 	C:\Windows\System32\msvcrt.dll
0x00007ffc2e970000 - 0x00007ffc2ea0e000 	C:\Windows\System32\sechost.dll
0x00007ffc2e520000 - 0x00007ffc2e642000 	C:\Windows\System32\RPCRT4.dll
0x00007ffc2ee10000 - 0x00007ffc2efa7000 	C:\Windows\System32\USER32.dll
0x00007ffc2c7b0000 - 0x00007ffc2c7d0000 	C:\Windows\System32\win32u.dll
0x00007ffc2f310000 - 0x00007ffc2f339000 	C:\Windows\System32\GDI32.dll
0x00007ffc2c7d0000 - 0x00007ffc2c96a000 	C:\Windows\System32\gdi32full.dll
0x00007ffc2bc00000 - 0x00007ffc2bca0000 	C:\Windows\System32\msvcp_win.dll
0x00007ffc2bf60000 - 0x00007ffc2c05c000 	C:\Windows\System32\ucrtbase.dll
0x00007ffc1de00000 - 0x00007ffc1e079000 	C:\Windows\WinSxS\amd64_microsoft.windows.common-controls_6595b64144ccf1df_6.0.17763.316_none_05b53be2071f46b6\COMCTL32.dll
0x00007ffc2e080000 - 0x00007ffc2e3ad000 	C:\Windows\System32\combase.dll
0x00007ffc2be80000 - 0x00007ffc2befe000 	C:\Windows\System32\bcryptPrimitives.dll
0x00007ffc2e050000 - 0x00007ffc2e07e000 	C:\Windows\System32\IMM32.DLL
0x000000006f010000 - 0x000000006f0e2000 	C:\Program Files\Android\Android Studio\jre\jre\bin\msvcr100.dll
0x000000006f0f0000 - 0x000000006f931000 	C:\Program Files\Android\Android Studio\jre\jre\bin\server\jvm.dll
0x00007ffc2f340000 - 0x00007ffc2f348000 	C:\Windows\System32\PSAPI.DLL
0x00007ffc25e90000 - 0x00007ffc25e9a000 	C:\Windows\SYSTEM32\VERSION.dll
0x00007ffc285f0000 - 0x00007ffc28614000 	C:\Windows\SYSTEM32\WINMM.dll
0x00007ffc1d690000 - 0x00007ffc1d699000 	C:\Windows\SYSTEM32\WSOCK32.dll
0x00007ffc2eda0000 - 0x00007ffc2ee0d000 	C:\Windows\System32\WS2_32.dll
0x00007ffc285c0000 - 0x00007ffc285ed000 	C:\Windows\SYSTEM32\winmmbase.dll
0x00007ffc2bbb0000 - 0x00007ffc2bbfa000 	C:\Windows\System32\cfgmgr32.dll
0x00007ffc1cd90000 - 0x00007ffc1cd9f000 	C:\Program Files\Android\Android Studio\jre\jre\bin\verify.dll
0x00007ffc1c340000 - 0x00007ffc1c369000 	C:\Program Files\Android\Android Studio\jre\jre\bin\java.dll
0x00007ffc1c320000 - 0x00007ffc1c336000 	C:\Program Files\Android\Android Studio\jre\jre\bin\zip.dll
0x00007ffc2ca40000 - 0x00007ffc2df2f000 	C:\Windows\System32\SHELL32.dll
0x00007ffc2f130000 - 0x00007ffc2f1d8000 	C:\Windows\System32\shcore.dll
0x00007ffc2c060000 - 0x00007ffc2c7aa000 	C:\Windows\System32\windows.storage.dll
0x00007ffc2b810000 - 0x00007ffc2b834000 	C:\Windows\System32\profapi.dll
0x00007ffc2b860000 - 0x00007ffc2b8bd000 	C:\Windows\System32\powrprof.dll
0x00007ffc2ed40000 - 0x00007ffc2ed92000 	C:\Windows\System32\shlwapi.dll
0x00007ffc2b8c0000 - 0x00007ffc2b8d1000 	C:\Windows\System32\kernel.appcore.dll
0x00007ffc2c970000 - 0x00007ffc2c987000 	C:\Windows\System32\cryptsp.dll
0x00007ffc1cd10000 - 0x00007ffc1cd1d000 	C:\Program Files\Android\Android Studio\jre\jre\bin\management.dll
0x00007ffc1c300000 - 0x00007ffc1c31a000 	C:\Program Files\Android\Android Studio\jre\jre\bin\net.dll
0x00007ffc2b040000 - 0x00007ffc2b0a7000 	C:\Windows\system32\mswsock.dll
0x00007ffc1c2e0000 - 0x00007ffc1c2f1000 	C:\Program Files\Android\Android Studio\jre\jre\bin\nio.dll
0x00007ffc2ac00000 - 0x00007ffc2ac33000 	C:\Windows\system32\rsaenh.dll
0x00007ffc2bb80000 - 0x00007ffc2bba6000 	C:\Windows\System32\bcrypt.dll
0x00007ffc2b740000 - 0x00007ffc2b768000 	C:\Windows\SYSTEM32\USERENV.dll
0x00007ffc2b210000 - 0x00007ffc2b21c000 	C:\Windows\SYSTEM32\CRYPTBASE.dll
0x00007ffc2ada0000 - 0x00007ffc2addd000 	C:\Windows\SYSTEM32\IPHLPAPI.DLL
0x00007ffc2f350000 - 0x00007ffc2f358000 	C:\Windows\System32\NSI.dll
0x00007ffc22510000 - 0x00007ffc22526000 	C:\Windows\SYSTEM32\dhcpcsvc6.DLL
0x00007ffc22940000 - 0x00007ffc2295c000 	C:\Windows\SYSTEM32\dhcpcsvc.DLL
0x00007ffc2ade0000 - 0x00007ffc2aea6000 	C:\Windows\SYSTEM32\DNSAPI.dll

VM Arguments:
jvm_args: -Djava.awt.headless=true -Djava.rmi.server.hostname=127.0.0.1 -Xmx1536m -Dkotlin.environment.keepalive 
java_command: org.jetbrains.kotlin.daemon.KotlinCompileDaemon --daemon-runFilesPath C:\Users\Deinega\AppData\Local\kotlin\daemon --daemon-autoshutdownIdleSeconds=7200 --daemon-compilerClasspath C:\Users\Deinega\.gradle\caches\modules-2\files-2.1\org.jetbrains.kotlin\kotlin-compiler-embeddable\1.3.20\ee2efe0fdd12b607e3ac01dd79da99a168ac85c5\kotlin-compiler-embeddable-1.3.20.jar;C:\Users\Deinega\.gradle\caches\modules-2\files-2.1\org.jetbrains.kotlin\kotlin-reflect\1.3.20\cd49eec32cf964333faf59e04b4085eac7008477\kotlin-reflect-1.3.20.jar;C:\Users\Deinega\.gradle\caches\modules-2\files-2.1\org.jetbrains.kotlin\kotlin-stdlib\1.3.20\eb2a232734e09fcd1b958a5c7520a93c6de38b32\kotlin-stdlib-1.3.20.jar;C:\Users\Deinega\.gradle\caches\modules-2\files-2.1\org.jetbrains.kotlin\kotlin-script-runtime\1.3.20\312febd3c42137fcc5477e6666d6eec16631b176\kotlin-script-runtime-1.3.20.jar;C:\Users\Deinega\.gradle\caches\modules-2\files-2.1\org.jetbrains.intellij.deps\trove4j\1.0.20181211\216c2e14b070f334479d800987affe4054cd563f\trove4j-1.0.20181211.jar;C:\Users\Deinega\.gradle\caches\modules-2\files-2.1\org.jetbrains.kotlin\kotlin-stdlib-common\1.3.20\7d7934e26ce34da1a0a8d00e38038d7cf3375e89\kotlin-stdlib-common-1.3.20.jar;C:\Users\Deinega\.gradle\caches\modules-2\files-2.1\org.jetbrains\annotations\13.0\919f0dfe192fb4e063e7dacadee7f8bb9a2672a9\annotations-13.0.jar;C:\Program Files\Android\Android Studio\jre\lib\tools.jar
java_class_path (initial): C:\Users\Deinega\.gradle\caches\modules-2\files-2.1\org.jetbrains.kotlin\kotlin-compiler-embeddable\1.3.20\ee2efe0fdd12b607e3ac01dd79da99a168ac85c5\kotlin-compiler-embeddable-1.3.20.jar;C:\Users\Deinega\.gradle\caches\modules-2\files-2.1\org.jetbrains.kotlin\kotlin-reflect\1.3.20\cd49eec32cf964333faf59e04b4085eac7008477\kotlin-reflect-1.3.20.jar;C:\Users\Deinega\.gradle\caches\modules-2\files-2.1\org.jetbrains.kotlin\kotlin-stdlib\1.3.20\eb2a232734e09fcd1b958a5c7520a93c6de38b32\kotlin-stdlib-1.3.20.jar;C:\Users\Deinega\.gradle\caches\modules-2\files-2.1\org.jetbrains.kotlin\kotlin-script-runtime\1.3.20\312febd3c42137fcc5477e6666d6eec16631b176\kotlin-script-runtime-1.3.20.jar;C:\Users\Deinega\.gradle\caches\modules-2\files-2.1\org.jetbrains.intellij.deps\trove4j\1.0.20181211\216c2e14b070f334479d800987affe4054cd563f\trove4j-1.0.20181211.jar;C:\Users\Deinega\.gradle\caches\modules-2\files-2.1\org.jetbrains.kotlin\kotlin-stdlib-common\1.3.20\7d7934e26ce34da1a0a8d00e38038d7cf3375e89\kotlin-stdlib-common-1.3.20.jar;C:\Users\Deinega\.gradle\caches\modules-2\files-2.1\org.jetbrains\annotations\13.0\919f0dfe192fb4e063e7dacadee7f8bb9a2672a9\annotations-13.0.jar;C:\Program Files\Android\Android Studio\jre\lib\tools.jar
Launcher Type: SUN_STANDARD

Environment Variables:
PATH=C:\Windows\system32;C:\Windows;C:\Windows\System32\Wbem;C:\Windows\System32\WindowsPowerShell\v1.0\;C:\Program Files (x86)\NVIDIA Corporation\PhysX\Common;C:\Users\Deinega\AppData\Local\Microsoft\WindowsApps;
USERNAME=Deinega
OS=Windows_NT
PROCESSOR_IDENTIFIER=Intel64 Family 6 Model 58 Stepping 9, GenuineIntel



---------------  S Y S T E M  ---------------

OS: Windows 10.0 , 64 bit Build 17763 (10.0.17763.292)

CPU:total 4 (initial active 4) (2 cores per cpu, 2 threads per core) family 6 model 58 stepping 9, cmov, cx8, fxsr, mmx, sse, sse2, sse3, ssse3, sse4.1, sse4.2, popcnt, avx, aes, clmul, erms, ht, tsc, tscinvbit, tscinv

Memory: 4k page, physical 8246884k(1419300k free), swap 8246884k(4272k free)

vm_info: OpenJDK 64-Bit Server VM (25.152-b01) for windows-amd64 JRE (1.8.0_152-release-1248-b01), built by "builder" with MS VC++ 10.0 (VS2010)

time: Sun Mar 31 13:30:29 2019
elapsed time: 1338 seconds (0d 0h 22m 18s)

